{
  "RSpec": {
    "coverage": {
      "/home/sathi/data_retrieval/data_service/app/helpers/application_helper.rb": [
        1,
        null
      ],
      "/home/sathi/data_retrieval/data_service/app/helpers/managers_helper.rb": [
        1,
        null
      ],
      "/home/sathi/data_retrieval/data_service/app/helpers/teams_helper.rb": [
        1,
        null
      ],
      "/home/sathi/data_retrieval/data_service/app/helpers/users_helper.rb": [
        1,
        null
      ],
      "/home/sathi/data_retrieval/data_service/app/models/team.rb": [
        1,
        1,
        1,
        null
      ],
      "/home/sathi/data_retrieval/data_service/app/models/application_record.rb": [
        1,
        1,
        null
      ],
      "/home/sathi/data_retrieval/data_service/app/models/user.rb": [
        1,
        1,
        null
      ],
      "/home/sathi/data_retrieval/data_service/app/channels/application_cable/connection.rb": [
        0,
        0,
        0,
        0
      ],
      "/home/sathi/data_retrieval/data_service/app/channels/application_cable/channel.rb": [
        0,
        0,
        0,
        0
      ],
      "/home/sathi/data_retrieval/data_service/app/models/manager.rb": [
        0,
        0,
        0,
        0,
        0
      ],
      "/home/sathi/data_retrieval/data_service/app/mailers/application_mailer.rb": [
        0,
        0,
        0,
        0
      ],
      "/home/sathi/data_retrieval/data_service/app/jobs/application_job.rb": [
        0,
        0
      ],
      "/home/sathi/data_retrieval/data_service/app/controllers/application_controller.rb": [
        0,
        0,
        0
      ],
      "/home/sathi/data_retrieval/data_service/app/controllers/managers_controller.rb": [
        0,
        0,
        0,
        0,
        0,
        0,
        0,
        0,
        0,
        0,
        0,
        0,
        0,
        0,
        0,
        0,
        0,
        0,
        0,
        0,
        0,
        0,
        0,
        0,
        0,
        0,
        0,
        0,
        0,
        0,
        0,
        0,
        0,
        0,
        0,
        0,
        0,
        0,
        0,
        0,
        0,
        0,
        0,
        0,
        0,
        0,
        0,
        0,
        0,
        0,
        0,
        0,
        0,
        0,
        0,
        0,
        0,
        0
      ],
      "/home/sathi/data_retrieval/data_service/app/controllers/users_controller.rb": [
        0,
        0,
        0,
        0,
        0,
        0,
        0,
        0,
        0,
        0,
        0,
        0,
        0,
        0,
        0,
        0,
        0,
        0,
        0,
        0,
        0,
        0,
        0,
        0,
        0,
        0,
        0,
        0,
        0,
        0,
        0,
        0,
        0,
        0,
        0,
        0,
        0,
        0,
        0,
        0,
        0,
        0,
        0,
        0,
        0,
        0,
        0,
        0,
        0,
        0,
        0,
        0,
        0,
        0,
        0,
        0,
        0,
        0
      ],
      "/home/sathi/data_retrieval/data_service/app/controllers/teams_controller.rb": [
        0,
        0,
        0,
        0,
        0,
        0,
        0,
        0,
        0,
        0,
        0,
        0,
        0,
        0,
        0,
        0,
        0,
        0,
        0,
        0,
        0,
        0,
        0,
        0,
        0,
        0,
        0,
        0,
        0,
        0,
        0,
        0,
        0,
        0,
        0,
        0,
        0,
        0,
        0,
        0,
        0,
        0,
        0,
        0,
        0,
        0,
        0,
        0,
        0,
        0,
        0,
        0,
        0,
        0,
        0,
        0,
        0,
        0
      ]
    },
    "timestamp": 1479769484
  }
}
